#options: 1920x1080 fps=30/1 timebase=1/30 bitdepth=8 cabac=1 ref=1 deblock=1:0:0 analyse=0x1:0 me=dia subme=2 psy=1 psy_rd=1.00:0.00 mixed_ref=0 me_range=16 chroma_me=1 trellis=0 8x8dct=0 cqm=0 deadzone=21,11 fast_pskip=1 chroma_qp_offset=0 threads=12 lookahead_threads=4 sliced_threads=0 nr=0 decimate=1 interlaced=0 bluray_compat=0 constrained_intra=0 bframes=3 b_pyramid=2 b_adapt=1 b_bias=0 direct=1 weightb=1 open_gop=0 weightp=2 keyint=250 keyint_min=25 scenecut=40 intra_refresh=0 rc_lookahead=40 rc=abr mbtree=1 bitrate=395 ratetol=1.0 qcomp=0.60 qpmin=0 qpmax=69 qpstep=4 ip_ratio=1.40 aq=1:1.00
in:0 out:0 type:I dur:2 cpbdur:2 q:47.55 aq:38.40 tex:100175 mv:43377 misc:352 imb:8160 pmb:0 smb:0 d:- ref:;
in:4 out:1 type:P dur:2 cpbdur:2 q:49.38 aq:44.63 tex:691 mv:823 misc:870 imb:9 pmb:103 smb:8048 d:- ref:0 ;
in:2 out:2 type:B dur:2 cpbdur:2 q:49.38 aq:49.46 tex:23 mv:55 misc:418 imb:0 pmb:4 smb:8156 d:- ref:0 ;
in:1 out:3 type:b dur:2 cpbdur:2 q:49.38 aq:50.00 tex:0 mv:23 misc:401 imb:0 pmb:2 smb:8158 d:- ref:0 ;
in:3 out:4 type:b dur:2 cpbdur:2 q:49.38 aq:50.35 tex:17 mv:6 misc:401 imb:0 pmb:1 smb:8159 d:- ref:0 ;
in:8 out:5 type:P dur:2 cpbdur:2 q:49.38 aq:43.10 tex:1400 mv:3051 misc:2125 imb:46 pmb:416 smb:7698 d:- ref:0 ;
in:6 out:6 type:B dur:2 cpbdur:2 q:49.38 aq:49.97 tex:26 mv:42 misc:460 imb:0 pmb:10 smb:8150 d:- ref:0 ;
in:5 out:7 type:b dur:2 cpbdur:2 q:49.38 aq:50.35 tex:34 mv:37 misc:417 imb:0 pmb:6 smb:8154 d:- ref:0 ;
in:7 out:8 type:b dur:2 cpbdur:2 q:49.38 aq:50.35 tex:54 mv:29 misc:429 imb:0 pmb:6 smb:8154 d:- ref:0 ;
in:10 out:9 type:P dur:2 cpbdur:2 q:49.39 aq:44.29 tex:417 mv:1082 misc:1245 imb:16 pmb:142 smb:8002 d:- ref:0 ;
in:9 out:10 type:b dur:2 cpbdur:2 q:49.38 aq:50.00 tex:1 mv:15 misc:400 imb:1 pmb:0 smb:8159 d:- ref:0 ;
in:12 out:11 type:P dur:2 cpbdur:2 q:49.38 aq:43.52 tex:962 mv:1598 misc:1584 imb:34 pmb:208 smb:7918 d:- ref:0 ;
in:11 out:12 type:b dur:2 cpbdur:2 q:49.38 aq:50.00 tex:0 mv:10 misc:398 imb:0 pmb:1 smb:8159 d:- ref:0 ;
in:16 out:13 type:P dur:2 cpbdur:2 q:57.38 aq:51.00 tex:26 mv:107 misc:443 imb:2 pmb:8 smb:8150 d:- ref:0 ;
in:14 out:14 type:B dur:2 cpbdur:2 q:53.38 aq:51.00 tex:0 mv:7 misc:417 imb:0 pmb:1 smb:8159 d:- ref:0 ;
in:13 out:15 type:b dur:2 cpbdur:2 q:51.38 aq:51.00 tex:0 mv:0 misc:392 imb:0 pmb:0 smb:8160 d:- ref:0 ;
in:15 out:16 type:b dur:2 cpbdur:2 q:55.38 aq:51.00 tex:0 mv:0 misc:392 imb:0 pmb:0 smb:8160 d:- ref:0 ;
in:20 out:17 type:P dur:2 cpbdur:2 q:53.38 aq:48.65 tex:49 mv:199 misc:552 imb:4 pmb:19 smb:8137 d:- ref:0 w:7,127,0 ;
in:18 out:18 type:B dur:2 cpbdur:2 q:55.38 aq:51.00 tex:0 mv:0 misc:408 imb:0 pmb:0 smb:8160 d:- ref:0 ;
in:17 out:19 type:b dur:2 cpbdur:2 q:56.38 aq:51.00 tex:0 mv:0 misc:392 imb:0 pmb:0 smb:8160 d:- ref:0 ;
in:19 out:20 type:b dur:2 cpbdur:2 q:54.38 aq:51.00 tex:0 mv:0 misc:392 imb:0 pmb:0 smb:8160 d:- ref:0 ;
in:24 out:21 type:P dur:2 cpbdur:2 q:49.38 aq:40.79 tex:1425 mv:1720 misc:1527 imb:35 pmb:208 smb:7917 d:- ref:0 w:6,63,0 ;
in:22 out:22 type:B dur:2 cpbdur:2 q:51.38 aq:51.00 tex:1 mv:21 misc:434 imb:0 pmb:3 smb:8157 d:- ref:0 ;
in:21 out:23 type:b dur:2 cpbdur:2 q:52.38 aq:51.00 tex:0 mv:0 misc:392 imb:0 pmb:0 smb:8160 d:- ref:0 ;
in:23 out:24 type:b dur:2 cpbdur:2 q:50.38 aq:51.00 tex:0 mv:0 misc:392 imb:0 pmb:0 smb:8160 d:- ref:0 ;
in:28 out:25 type:P dur:2 cpbdur:2 q:45.72 aq:37.77 tex:11864 mv:7401 misc:3687 imb:221 pmb:975 smb:6964 d:- ref:0 w:0,1,1 ;
in:26 out:26 type:B dur:2 cpbdur:2 q:47.55 aq:47.00 tex:0 mv:0 misc:408 imb:0 pmb:0 smb:8160 d:- ref:0 ;
in:25 out:27 type:b dur:2 cpbdur:2 q:48.46 aq:49.00 tex:0 mv:0 misc:392 imb:0 pmb:0 smb:8160 d:- ref:0 ;
in:27 out:28 type:b dur:2 cpbdur:2 q:46.63 aq:48.00 tex:0 mv:0 misc:392 imb:0 pmb:0 smb:8160 d:- ref:0 ;
in:32 out:29 type:P dur:2 cpbdur:2 q:43.61 aq:34.93 tex:24892 mv:7970 misc:5074 imb:312 pmb:1302 smb:6546 d:- ref:0 ;
in:30 out:30 type:B dur:2 cpbdur:2 q:44.66 aq:44.00 tex:0 mv:0 misc:408 imb:0 pmb:0 smb:8160 d:- ref:0 ;
in:29 out:31 type:b dur:2 cpbdur:2 q:45.19 aq:36.19 tex:32 mv:6 misc:402 imb:0 pmb:1 smb:8159 d:- ref:0 ;
in:31 out:32 type:b dur:2 cpbdur:2 q:44.13 aq:45.00 tex:0 mv:0 misc:392 imb:0 pmb:0 smb:8160 d:- ref:0 ;
in:36 out:33 type:P dur:2 cpbdur:2 q:42.12 aq:33.08 tex:44511 mv:13083 misc:5998 imb:762 pmb:1846 smb:5552 d:- ref:0 ;
in:34 out:34 type:B dur:2 cpbdur:2 q:42.86 aq:41.11 tex:87 mv:53 misc:444 imb:0 pmb:7 smb:8153 d:- ref:0 ;
in:33 out:35 type:b dur:2 cpbdur:2 q:43.23 aq:44.00 tex:0 mv:0 misc:392 imb:0 pmb:0 smb:8160 d:- ref:0 ;
in:35 out:36 type:b dur:2 cpbdur:2 q:42.49 aq:38.70 tex:63 mv:70 misc:419 imb:1 pmb:4 smb:8155 d:- ref:0 ;
in:40 out:37 type:P dur:2 cpbdur:2 q:41.76 aq:33.15 tex:25737 mv:9066 misc:5445 imb:443 pmb:1393 smb:6324 d:- ref:0 ;
in:38 out:38 type:B dur:2 cpbdur:2 q:41.94 aq:37.20 tex:76 mv:97 misc:459 imb:1 pmb:8 smb:8151 d:- ref:0 ;
in:37 out:39 type:b dur:2 cpbdur:2 q:42.03 aq:44.12 tex:26 mv:42 misc:412 imb:0 pmb:4 smb:8156 d:- ref:0 ;
in:39 out:40 type:b dur:2 cpbdur:2 q:41.85 aq:43.00 tex:0 mv:29 misc:411 imb:0 pmb:3 smb:8157 d:- ref:0 ;
in:44 out:41 type:P dur:2 cpbdur:2 q:41.57 aq:33.23 tex:17942 mv:8118 misc:5372 imb:268 pmb:1303 smb:6589 d:- ref:0 ;
in:42 out:42 type:B dur:2 cpbdur:2 q:41.67 aq:37.41 tex:70 mv:86 misc:460 imb:2 pmb:7 smb:8151 d:- ref:0 ;
in:41 out:43 type:b dur:2 cpbdur:2 q:41.71 aq:43.00 tex:0 mv:6 misc:402 imb:0 pmb:1 smb:8159 d:- ref:0 ;
in:43 out:44 type:b dur:2 cpbdur:2 q:41.62 aq:43.00 tex:0 mv:0 misc:392 imb:0 pmb:0 smb:8160 d:- ref:0 ;
in:48 out:45 type:P dur:2 cpbdur:2 q:42.22 aq:33.70 tex:7465 mv:5193 misc:3910 imb:151 pmb:844 smb:7165 d:- ref:0 ;
in:46 out:46 type:B dur:2 cpbdur:2 q:41.90 aq:41.00 tex:17 mv:8 misc:423 imb:0 pmb:2 smb:8158 d:- ref:0 ;
in:45 out:47 type:b dur:2 cpbdur:2 q:41.74 aq:43.00 tex:0 mv:0 misc:392 imb:0 pmb:0 smb:8160 d:- ref:0 ;
in:47 out:48 type:b dur:2 cpbdur:2 q:42.06 aq:43.00 tex:0 mv:0 misc:392 imb:0 pmb:0 smb:8160 d:- ref:0 ;
in:52 out:49 type:P dur:2 cpbdur:2 q:42.03 aq:34.55 tex:10128 mv:7696 misc:4728 imb:179 pmb:1126 smb:6855 d:- ref:0 ;
in:50 out:50 type:B dur:2 cpbdur:2 q:42.13 aq:42.29 tex:149 mv:72 misc:467 imb:0 pmb:10 smb:8150 d:- ref:0 ;
in:49 out:51 type:b dur:2 cpbdur:2 q:42.18 aq:43.00 tex:0 mv:0 misc:392 imb:0 pmb:0 smb:8160 d:- ref:0 ;
in:51 out:52 type:b dur:2 cpbdur:2 q:42.08 aq:43.00 tex:0 mv:27 misc:421 imb:0 pmb:5 smb:8155 d:- ref:0 ;
in:56 out:53 type:P dur:2 cpbdur:2 q:41.59 aq:33.56 tex:8492 mv:4860 misc:3504 imb:108 pmb:744 smb:7308 d:- ref:0 ;
in:54 out:54 type:B dur:2 cpbdur:2 q:41.81 aq:41.70 tex:112 mv:238 misc:506 imb:3 pmb:24 smb:8133 d:- ref:0 ;
in:53 out:55 type:b dur:2 cpbdur:2 q:41.92 aq:44.36 tex:57 mv:100 misc:435 imb:0 pmb:13 smb:8147 d:- ref:0 ;
in:55 out:56 type:b dur:2 cpbdur:2 q:41.70 aq:43.68 tex:60 mv:135 misc:437 imb:0 pmb:12 smb:8148 d:- ref:0 ;
in:60 out:57 type:P dur:2 cpbdur:2 q:40.53 aq:32.24 tex:31876 mv:13061 misc:6543 imb:584 pmb:1774 smb:5802 d:- ref:0 w:0,1,1 ;
in:58 out:58 type:B dur:2 cpbdur:2 q:41.06 aq:32.41 tex:222 mv:563 misc:639 imb:9 pmb:51 smb:8100 d:- ref:0 ;
in:57 out:59 type:b dur:2 cpbdur:2 q:41.33 aq:42.91 tex:62 mv:137 misc:449 imb:2 pmb:10 smb:8148 d:- ref:0 ;
in:59 out:60 type:b dur:2 cpbdur:2 q:40.80 aq:40.71 tex:377 mv:528 misc:575 imb:6 pmb:52 smb:8102 d:- ref:0 ;
in:64 out:61 type:P dur:2 cpbdur:2 q:40.25 aq:32.82 tex:28696 mv:11335 misc:5953 imb:495 pmb:1564 smb:6101 d:- ref:0 ;
in:62 out:62 type:B dur:2 cpbdur:2 q:40.39 aq:36.61 tex:2224 mv:1399 misc:729 imb:33 pmb:121 smb:8006 d:- ref:0 ;
in:61 out:63 type:b dur:2 cpbdur:2 q:40.46 aq:42.21 tex:849 mv:812 misc:571 imb:17 pmb:53 smb:8090 d:- ref:0 ;
in:63 out:64 type:b dur:2 cpbdur:2 q:40.32 aq:41.64 tex:1208 mv:1501 misc:667 imb:18 pmb:123 smb:8019 d:- ref:0 ;
in:68 out:65 type:P dur:2 cpbdur:2 q:39.77 aq:32.57 tex:36040 mv:13611 misc:6109 imb:666 pmb:1711 smb:5783 d:- ref:0 ;
in:66 out:66 type:B dur:2 cpbdur:2 q:40.01 aq:39.69 tex:4505 mv:3206 misc:921 imb:77 pmb:235 smb:7848 d:- ref:0 ;
in:65 out:67 type:b dur:2 cpbdur:2 q:40.13 aq:40.86 tex:1575 mv:1925 misc:764 imb:30 pmb:160 smb:7970 d:- ref:0 ;
in:67 out:68 type:b dur:2 cpbdur:2 q:39.89 aq:40.74 tex:2639 mv:2632 misc:905 imb:48 pmb:206 smb:7906 d:- ref:0 ;
in:72 out:69 type:P dur:2 cpbdur:2 q:39.87 aq:32.67 tex:36503 mv:13271 misc:5594 imb:668 pmb:1308 smb:6184 d:- ref:0 ;
in:70 out:70 type:B dur:2 cpbdur:2 q:39.82 aq:37.93 tex:6777 mv:5364 misc:1283 imb:88 pmb:381 smb:7691 d:- ref:0 ;
in:69 out:71 type:b dur:2 cpbdur:2 q:39.79 aq:40.34 tex:3048 mv:3497 misc:959 imb:52 pmb:252 smb:7856 d:- ref:0 ;
in:71 out:72 type:b dur:2 cpbdur:2 q:39.84 aq:41.24 tex:2917 mv:3636 misc:1143 imb:31 pmb:317 smb:7812 d:- ref:0 ;
in:76 out:73 type:P dur:2 cpbdur:2 q:39.77 aq:32.97 tex:38445 mv:16094 misc:5629 imb:712 pmb:1581 smb:5867 d:- ref:0 ;
in:74 out:74 type:B dur:2 cpbdur:2 q:39.82 aq:40.39 tex:8073 mv:6392 misc:1431 imb:121 pmb:457 smb:7582 d:- ref:0 ;
in:73 out:75 type:b dur:2 cpbdur:2 q:39.84 aq:41.32 tex:2941 mv:4125 misc:1198 imb:55 pmb:320 smb:7785 d:- ref:0 ;
in:75 out:76 type:b dur:2 cpbdur:2 q:39.79 aq:41.27 tex:3375 mv:4793 misc:1272 imb:50 pmb:388 smb:7722 d:- ref:0 ;
in:80 out:77 type:P dur:2 cpbdur:2 q:40.18 aq:33.48 tex:35219 mv:15468 misc:4985 imb:791 pmb:1320 smb:6049 d:- ref:0 ;
in:78 out:78 type:B dur:2 cpbdur:2 q:39.97 aq:40.15 tex:10213 mv:7715 misc:1552 imb:108 pmb:579 smb:7473 d:- ref:0 ;
in:77 out:79 type:b dur:2 cpbdur:2 q:39.87 aq:41.65 tex:4166 mv:5282 misc:1376 imb:36 pmb:463 smb:7661 d:- ref:0 ;
in:79 out:80 type:b dur:2 cpbdur:2 q:40.07 aq:41.77 tex:4008 mv:5341 misc:1483 imb:50 pmb:479 smb:7631 d:- ref:0 ;
in:84 out:81 type:P dur:2 cpbdur:2 q:40.54 aq:34.21 tex:38705 mv:16511 misc:5272 imb:958 pmb:1269 smb:5933 d:- ref:0 ;
in:82 out:82 type:B dur:2 cpbdur:2 q:40.36 aq:40.10 tex:11891 mv:9903 misc:1790 imb:234 pmb:619 smb:7307 d:- ref:0 ;
in:81 out:83 type:b dur:2 cpbdur:2 q:40.27 aq:41.77 tex:5323 mv:6574 misc:1575 imb:78 pmb:544 smb:7538 d:- ref:0 ;
in:83 out:84 type:b dur:2 cpbdur:2 q:40.45 aq:41.56 tex:4299 mv:6334 misc:1671 imb:59 pmb:545 smb:7556 d:- ref:0 ;
in:88 out:85 type:P dur:2 cpbdur:2 q:41.04 aq:35.50 tex:41040 mv:14678 misc:3994 imb:976 pmb:943 smb:6241 d:- ref:0 ;
in:86 out:86 type:B dur:2 cpbdur:2 q:40.79 aq:40.84 tex:10776 mv:8916 misc:1884 imb:181 pmb:626 smb:7353 d:- ref:0 ;
in:85 out:87 type:b dur:2 cpbdur:2 q:40.67 aq:41.90 tex:4446 mv:6851 misc:1695 imb:77 pmb:554 smb:7529 d:- ref:0 ;
in:87 out:88 type:b dur:2 cpbdur:2 q:40.92 aq:41.89 tex:3868 mv:5715 misc:1665 imb:61 pmb:514 smb:7585 d:- ref:0 ;
in:92 out:89 type:P dur:2 cpbdur:2 q:41.38 aq:35.76 tex:39579 mv:13980 misc:3345 imb:913 pmb:794 smb:6453 d:- ref:0 ;
in:90 out:90 type:B dur:2 cpbdur:2 q:41.21 aq:41.71 tex:10186 mv:9240 misc:1934 imb:151 pmb:693 smb:7316 d:- ref:0 ;
in:89 out:91 type:b dur:2 cpbdur:2 q:41.13 aq:42.77 tex:4661 mv:6521 misc:1690 imb:86 pmb:531 smb:7543 d:- ref:0 ;
in:91 out:92 type:b dur:2 cpbdur:2 q:41.30 aq:42.52 tex:3588 mv:5333 misc:1671 imb:49 pmb:517 smb:7594 d:- ref:0 ;
in:96 out:93 type:P dur:2 cpbdur:2 q:41.93 aq:36.27 tex:37135 mv:14414 misc:3915 imb:917 pmb:929 smb:6314 d:- ref:0 ;
in:94 out:94 type:B dur:2 cpbdur:2 q:41.66 aq:41.83 tex:9175 mv:8598 misc:1867 imb:161 pmb:651 smb:7348 d:- ref:0 ;
in:93 out:95 type:b dur:2 cpbdur:2 q:41.52 aq:42.85 tex:3679 mv:5741 misc:1724 imb:59 pmb:538 smb:7563 d:- ref:0 ;
in:95 out:96 type:b dur:2 cpbdur:2 q:41.79 aq:43.38 tex:3960 mv:5724 misc:1660 imb:68 pmb:508 smb:7584 d:- ref:0 ;
in:100 out:97 type:P dur:2 cpbdur:2 q:42.57 aq:37.52 tex:29832 mv:11962 misc:3030 imb:740 pmb:713 smb:6707 d:- ref:0 ;
in:98 out:98 type:B dur:2 cpbdur:2 q:42.25 aq:42.39 tex:8410 mv:7303 misc:1743 imb:160 pmb:556 smb:7444 d:- ref:0 ;
in:97 out:99 type:b dur:2 cpbdur:2 q:42.09 aq:42.43 tex:3639 mv:5330 misc:1535 imb:93 pmb:436 smb:7631 d:- ref:0 ;
in:99 out:100 type:b dur:2 cpbdur:2 q:42.41 aq:44.09 tex:3539 mv:5110 misc:1463 imb:60 pmb:454 smb:7646 d:- ref:0 ;
in:104 out:101 type:P dur:2 cpbdur:2 q:43.09 aq:37.38 tex:25709 mv:8899 misc:2256 imb:712 pmb:406 smb:7042 d:- ref:0 ;
in:102 out:102 type:B dur:2 cpbdur:2 q:42.83 aq:42.95 tex:6669 mv:6676 misc:1687 imb:142 pmb:509 smb:7509 d:- ref:0 ;
in:101 out:103 type:b dur:2 cpbdur:2 q:42.70 aq:44.32 tex:3037 mv:4666 misc:1425 imb:61 pmb:412 smb:7687 d:- ref:0 ;
in:103 out:104 type:b dur:2 cpbdur:2 q:42.96 aq:43.62 tex:2830 mv:4246 misc:1396 imb:72 pmb:378 smb:7710 d:- ref:0 ;
in:108 out:105 type:P dur:2 cpbdur:2 q:43.40 aq:38.93 tex:22032 mv:9765 misc:2707 imb:645 pmb:586 smb:6929 d:- ref:0 ;
in:106 out:106 type:B dur:2 cpbdur:2 q:43.25 aq:43.26 tex:6366 mv:6337 misc:1601 imb:129 pmb:463 smb:7568 d:- ref:0 ;
in:105 out:107 type:b dur:2 cpbdur:2 q:43.17 aq:44.51 tex:3217 mv:4401 misc:1350 imb:63 pmb:385 smb:7712 d:- ref:0 ;
in:107 out:108 type:b dur:2 cpbdur:2 q:43.33 aq:44.99 tex:2864 mv:3845 misc:1435 imb:46 pmb:370 smb:7744 d:- ref:0 ;
in:112 out:109 type:P dur:2 cpbdur:2 q:43.69 aq:40.30 tex:24569 mv:8229 misc:2026 imb:611 pmb:414 smb:7135 d:- ref:0 ;
in:110 out:110 type:B dur:2 cpbdur:2 q:43.55 aq:42.26 tex:6041 mv:5140 misc:1499 imb:138 pmb:418 smb:7604 d:- ref:0 ;
in:109 out:111 type:b dur:2 cpbdur:2 q:43.48 aq:44.72 tex:2223 mv:3527 misc:1338 imb:36 pmb:351 smb:7773 d:- ref:0 ;
in:111 out:112 type:b dur:2 cpbdur:2 q:43.62 aq:45.08 tex:2581 mv:3417 misc:1250 imb:56 pmb:317 smb:7787 d:- ref:0 ;
in:116 out:113 type:P dur:2 cpbdur:2 q:43.84 aq:38.08 tex:23183 mv:7744 misc:2481 imb:570 pmb:413 smb:7177 d:- ref:0 ;
in:114 out:114 type:B dur:2 cpbdur:2 q:43.77 aq:42.98 tex:4870 mv:4635 misc:1543 imb:95 pmb:406 smb:7659 d:- ref:0 ;
in:113 out:115 type:b dur:2 cpbdur:2 q:43.73 aq:44.24 tex:2305 mv:3224 misc:1199 imb:61 pmb:276 smb:7823 d:- ref:0 ;
in:115 out:116 type:b dur:2 cpbdur:2 q:43.80 aq:44.64 tex:2206 mv:2636 misc:1134 imb:39 pmb:267 smb:7854 d:- ref:0 ;
in:120 out:117 type:P dur:2 cpbdur:2 q:43.94 aq:37.93 tex:24101 mv:10943 misc:3612 imb:778 pmb:660 smb:6722 d:- ref:0 ;
in:118 out:118 type:B dur:2 cpbdur:2 q:43.89 aq:43.15 tex:5291 mv:5057 misc:1540 imb:117 pmb:421 smb:7622 d:- ref:0 ;
in:117 out:119 type:b dur:2 cpbdur:2 q:43.87 aq:44.60 tex:2409 mv:2767 misc:1192 imb:46 pmb:268 smb:7846 d:- ref:0 ;
in:119 out:120 type:b dur:2 cpbdur:2 q:43.91 aq:43.88 tex:2417 mv:3084 misc:1355 imb:53 pmb:316 smb:7791 d:- ref:0 ;
in:124 out:121 type:P dur:2 cpbdur:2 q:44.14 aq:40.11 tex:24324 mv:8668 misc:2552 imb:602 pmb:474 smb:7084 d:- ref:0 ;
in:122 out:122 type:B dur:2 cpbdur:2 q:44.04 aq:43.60 tex:5818 mv:5334 misc:1616 imb:106 pmb:458 smb:7596 d:- ref:0 ;
in:121 out:123 type:b dur:2 cpbdur:2 q:43.99 aq:45.46 tex:2279 mv:3222 misc:1283 imb:45 pmb:319 smb:7796 d:- ref:0 ;
in:123 out:124 type:b dur:2 cpbdur:2 q:44.09 aq:45.02 tex:2235 mv:3382 misc:1343 imb:44 pmb:326 smb:7790 d:- ref:0 ;
in:128 out:125 type:P dur:2 cpbdur:2 q:44.27 aq:38.91 tex:25978 mv:8767 misc:2303 imb:707 pmb:450 smb:7003 d:- ref:0 ;
in:126 out:126 type:B dur:2 cpbdur:2 q:44.21 aq:43.50 tex:5753 mv:5908 misc:1667 imb:125 pmb:481 smb:7554 d:- ref:0 ;
in:125 out:127 type:b dur:2 cpbdur:2 q:44.17 aq:44.99 tex:2322 mv:3929 misc:1437 imb:48 pmb:382 smb:7730 d:- ref:0 ;
in:127 out:128 type:b dur:2 cpbdur:2 q:44.24 aq:44.63 tex:3162 mv:3954 misc:1372 imb:71 pmb:358 smb:7731 d:- ref:0 ;
in:132 out:129 type:P dur:2 cpbdur:2 q:44.30 aq:39.68 tex:23141 mv:9083 misc:2560 imb:733 pmb:473 smb:6954 d:- ref:0 ;
in:130 out:130 type:B dur:2 cpbdur:2 q:44.29 aq:43.97 tex:5301 mv:5673 misc:1626 imb:132 pmb:447 smb:7581 d:- ref:0 ;
in:129 out:131 type:b dur:2 cpbdur:2 q:44.28 aq:45.70 tex:2675 mv:3367 misc:1294 imb:57 pmb:313 smb:7790 d:- ref:0 ;
in:131 out:132 type:b dur:2 cpbdur:2 q:44.30 aq:44.91 tex:2679 mv:3761 misc:1392 imb:63 pmb:348 smb:7749 d:- ref:0 ;
in:136 out:133 type:P dur:2 cpbdur:2 q:44.32 aq:37.57 tex:25134 mv:10937 misc:3081 imb:913 pmb:541 smb:6706 d:- ref:0 ;
in:134 out:134 type:B dur:2 cpbdur:2 q:44.31 aq:43.99 tex:5091 mv:6107 misc:1706 imb:132 pmb:497 smb:7531 d:- ref:0 ;
in:133 out:135 type:b dur:2 cpbdur:2 q:44.31 aq:43.90 tex:2258 mv:3911 misc:1375 imb:71 pmb:352 smb:7737 d:- ref:0 ;
in:135 out:136 type:b dur:2 cpbdur:2 q:44.31 aq:46.19 tex:1870 mv:3309 misc:1341 imb:55 pmb:320 smb:7785 d:- ref:0 ;
in:140 out:137 type:P dur:2 cpbdur:2 q:44.41 aq:37.78 tex:20239 mv:10505 misc:3232 imb:799 pmb:610 smb:6751 d:- ref:0 ;
in:138 out:138 type:B dur:2 cpbdur:2 q:44.36 aq:44.57 tex:4552 mv:6008 misc:1776 imb:93 pmb:537 smb:7530 d:- ref:0 ;
in:137 out:139 type:b dur:2 cpbdur:2 q:44.34 aq:45.32 tex:1487 mv:3204 misc:1381 imb:34 pmb:330 smb:7796 d:- ref:0 ;
in:139 out:140 type:b dur:2 cpbdur:2 q:44.39 aq:45.79 tex:1477 mv:3102 misc:1469 imb:32 pmb:329 smb:7799 d:- ref:0 ;
in:144 out:141 type:P dur:2 cpbdur:2 q:44.62 aq:37.23 tex:19983 mv:10249 misc:3056 imb:908 pmb:546 smb:6706 d:- ref:0 ;
in:142 out:142 type:B dur:2 cpbdur:2 q:44.52 aq:43.71 tex:4668 mv:5991 misc:1629 imb:140 pmb:465 smb:7555 d:- ref:0 ;
in:141 out:143 type:b dur:2 cpbdur:2 q:44.46 aq:45.16 tex:1772 mv:3719 misc:1501 imb:53 pmb:347 smb:7760 d:- ref:0 ;
in:143 out:144 type:b dur:2 cpbdur:2 q:44.57 aq:45.25 tex:1843 mv:3777 misc:1460 imb:54 pmb:348 smb:7758 d:- ref:0 ;
in:148 out:145 type:P dur:2 cpbdur:2 q:44.78 aq:36.34 tex:21985 mv:12336 misc:3815 imb:964 pmb:793 smb:6403 d:- ref:0 ;
in:146 out:146 type:B dur:2 cpbdur:2 q:44.70 aq:44.47 tex:4172 mv:4981 misc:1639 imb:102 pmb:428 smb:7630 d:- ref:0 ;
in:145 out:147 type:b dur:2 cpbdur:2 q:44.66 aq:45.24 tex:2024 mv:3542 misc:1410 imb:56 pmb:352 smb:7752 d:- ref:0 ;
in:147 out:148 type:b dur:2 cpbdur:2 q:44.74 aq:46.37 tex:1924 mv:2997 misc:1359 imb:38 pmb:315 smb:7807 d:- ref:0 ;
in:152 out:149 type:P dur:2 cpbdur:2 q:44.89 aq:37.01 tex:17143 mv:9337 misc:2992 imb:763 pmb:496 smb:6901 d:- ref:0 ;
in:150 out:150 type:B dur:2 cpbdur:2 q:44.83 aq:41.05 tex:2873 mv:4716 misc:1715 imb:88 pmb:439 smb:7633 d:- ref:0 ;
in:149 out:151 type:b dur:2 cpbdur:2 q:44.81 aq:44.53 tex:1586 mv:2822 misc:1392 imb:42 pmb:301 smb:7817 d:- ref:0 ;
in:151 out:152 type:b dur:2 cpbdur:2 q:44.86 aq:46.60 tex:1104 mv:2081 misc:1223 imb:36 pmb:240 smb:7884 d:- ref:0 ;
in:156 out:153 type:P dur:2 cpbdur:2 q:44.84 aq:38.37 tex:16337 mv:8730 misc:2909 imb:666 pmb:510 smb:6984 d:- ref:0 ;
in:154 out:154 type:B dur:2 cpbdur:2 q:44.86 aq:44.22 tex:3237 mv:4483 misc:1472 imb:62 pmb:434 smb:7664 d:- ref:0 ;
in:153 out:155 type:b dur:2 cpbdur:2 q:44.87 aq:46.00 tex:1231 mv:2444 misc:1253 imb:27 pmb:248 smb:7885 d:- ref:0 ;
in:155 out:156 type:b dur:2 cpbdur:2 q:44.85 aq:46.40 tex:1147 mv:2342 misc:1175 imb:23 pmb:268 smb:7869 d:- ref:0 ;
in:160 out:157 type:P dur:2 cpbdur:2 q:44.89 aq:38.50 tex:14263 mv:7350 misc:2739 imb:637 pmb:416 smb:7107 d:- ref:0 ;
in:158 out:158 type:B dur:2 cpbdur:2 q:44.86 aq:44.67 tex:3177 mv:4332 misc:1419 imb:95 pmb:381 smb:7684 d:- ref:0 ;
in:157 out:159 type:b dur:2 cpbdur:2 q:44.85 aq:45.94 tex:1404 mv:2806 misc:1198 imb:36 pmb:285 smb:7839 d:- ref:0 ;
in:159 out:160 type:b dur:2 cpbdur:2 q:44.88 aq:45.49 tex:1014 mv:2642 misc:1208 imb:29 pmb:281 smb:7850 d:- ref:0 ;
in:164 out:161 type:P dur:2 cpbdur:2 q:44.86 aq:37.47 tex:13701 mv:7528 misc:2611 imb:606 pmb:439 smb:7115 d:- ref:0 ;
in:162 out:162 type:B dur:2 cpbdur:2 q:44.87 aq:44.21 tex:2953 mv:3657 misc:1358 imb:75 pmb:328 smb:7757 d:- ref:0 ;
in:161 out:163 type:b dur:2 cpbdur:2 q:44.88 aq:45.88 tex:1320 mv:2744 misc:1248 imb:43 pmb:280 smb:7837 d:- ref:0 ;
in:163 out:164 type:b dur:2 cpbdur:2 q:44.87 aq:46.39 tex:1174 mv:1988 misc:1134 imb:31 pmb:225 smb:7904 d:- ref:0 ;
in:168 out:165 type:P dur:2 cpbdur:2 q:44.86 aq:37.85 tex:12681 mv:6602 misc:2613 imb:438 pmb:442 smb:7280 d:- ref:0 ;
in:166 out:166 type:B dur:2 cpbdur:2 q:44.86 aq:44.38 tex:2721 mv:3421 misc:1314 imb:67 pmb:302 smb:7791 d:- ref:0 ;
in:165 out:167 type:b dur:2 cpbdur:2 q:44.86 aq:46.72 tex:1017 mv:1632 misc:927 imb:27 pmb:146 smb:7987 d:- ref:0 ;
in:167 out:168 type:b dur:2 cpbdur:2 q:44.86 aq:47.10 tex:482 mv:1233 misc:877 imb:14 pmb:124 smb:8022 d:- ref:0 ;
in:172 out:169 type:P dur:2 cpbdur:2 q:44.80 aq:36.66 tex:16024 mv:6715 misc:2597 imb:535 pmb:412 smb:7213 d:- ref:0 ;
in:170 out:170 type:B dur:2 cpbdur:2 q:44.83 aq:44.31 tex:2127 mv:2789 misc:1220 imb:46 pmb:268 smb:7846 d:- ref:0 ;
in:169 out:171 type:b dur:2 cpbdur:2 q:44.85 aq:46.47 tex:636 mv:1478 misc:910 imb:13 pmb:151 smb:7996 d:- ref:0 ;
in:171 out:172 type:b dur:2 cpbdur:2 q:44.82 aq:46.42 tex:885 mv:1606 misc:877 imb:15 pmb:173 smb:7972 d:- ref:0 ;
in:176 out:173 type:P dur:2 cpbdur:2 q:44.77 aq:37.07 tex:9804 mv:5045 misc:2399 imb:423 pmb:316 smb:7421 d:- ref:0 ;
in:174 out:174 type:B dur:2 cpbdur:2 q:44.79 aq:44.73 tex:1359 mv:1884 misc:997 imb:25 pmb:198 smb:7937 d:- ref:0 ;
in:173 out:175 type:b dur:2 cpbdur:2 q:44.80 aq:45.87 tex:747 mv:1547 misc:890 imb:24 pmb:167 smb:7969 d:- ref:0 ;
in:175 out:176 type:b dur:2 cpbdur:2 q:44.78 aq:46.11 tex:305 mv:901 misc:706 imb:7 pmb:97 smb:8056 d:- ref:0 ;
in:179 out:177 type:P dur:2 cpbdur:2 q:44.60 aq:35.16 tex:4579 mv:2485 misc:1784 imb:100 pmb:239 smb:7821 d:- ref:0 ;
in:177 out:178 type:B dur:2 cpbdur:2 q:44.72 aq:45.25 tex:80 mv:396 misc:644 imb:1 pmb:60 smb:8099 d:- ref:0 ;
in:178 out:179 type:b dur:2 cpbdur:2 q:44.66 aq:43.75 tex:43 mv:191 misc:502 imb:0 pmb:24 smb:8136 d:- ref:0 ;
in:183 out:180 type:P dur:2 cpbdur:2 q:44.38 aq:34.73 tex:6686 mv:4073 misc:2953 imb:296 pmb:362 smb:7502 d:- ref:0 ;
in:181 out:181 type:B dur:2 cpbdur:2 q:44.49 aq:42.55 tex:216 mv:486 misc:666 imb:3 pmb:63 smb:8094 d:- ref:0 ;
in:180 out:182 type:b dur:2 cpbdur:2 q:44.55 aq:44.25 tex:67 mv:135 misc:486 imb:0 pmb:19 smb:8141 d:- ref:0 ;
in:182 out:183 type:b dur:2 cpbdur:2 q:44.44 aq:46.00 tex:26 mv:84 misc:458 imb:0 pmb:11 smb:8149 d:- ref:0 ;
in:187 out:184 type:P dur:2 cpbdur:2 q:44.30 aq:35.53 tex:5267 mv:2990 misc:2175 imb:102 pmb:344 smb:7714 d:- ref:0 ;
in:185 out:185 type:B dur:2 cpbdur:2 q:44.34 aq:44.79 tex:191 mv:378 misc:591 imb:0 pmb:50 smb:8110 d:- ref:0 ;
in:184 out:186 type:b dur:2 cpbdur:2 q:44.36 aq:47.15 tex:26 mv:107 misc:467 imb:0 pmb:13 smb:8147 d:- ref:0 ;
in:186 out:187 type:b dur:2 cpbdur:2 q:44.32 aq:47.18 tex:29 mv:101 misc:438 imb:1 pmb:9 smb:8150 d:- ref:0 ;
in:191 out:188 type:P dur:2 cpbdur:2 q:44.14 aq:34.59 tex:7526 mv:4986 misc:3240 imb:346 pmb:426 smb:7388 d:- ref:0 ;
in:189 out:189 type:B dur:2 cpbdur:2 q:44.22 aq:38.70 tex:137 mv:405 misc:586 imb:1 pmb:43 smb:8116 d:- ref:0 ;
in:188 out:190 type:b dur:2 cpbdur:2 q:44.26 aq:47.18 tex:39 mv:130 misc:447 imb:0 pmb:11 smb:8149 d:- ref:0 ;
in:190 out:191 type:b dur:2 cpbdur:2 q:44.18 aq:46.00 tex:2 mv:69 misc:433 imb:0 pmb:7 smb:8153 d:- ref:0 ;
in:195 out:192 type:P dur:2 cpbdur:2 q:43.94 aq:34.22 tex:7210 mv:4417 misc:3261 imb:261 pmb:447 smb:7452 d:- ref:0 ;
in:193 out:193 type:B dur:2 cpbdur:2 q:44.04 aq:45.07 tex:188 mv:240 misc:524 imb:2 pmb:24 smb:8134 d:- ref:0 ;
in:192 out:194 type:b dur:2 cpbdur:2 q:44.09 aq:46.00 tex:0 mv:26 misc:406 imb:0 pmb:2 smb:8158 d:- ref:0 ;
in:194 out:195 type:b dur:2 cpbdur:2 q:43.99 aq:46.00 tex:1 mv:55 misc:424 imb:0 pmb:5 smb:8155 d:- ref:0 ;
in:199 out:196 type:P dur:2 cpbdur:2 q:43.58 aq:33.99 tex:9920 mv:6923 misc:4309 imb:278 pmb:854 smb:7028 d:- ref:0 ;
in:197 out:197 type:B dur:2 cpbdur:2 q:43.76 aq:43.84 tex:125 mv:158 misc:533 imb:0 pmb:23 smb:8137 d:- ref:0 ;
in:196 out:198 type:b dur:2 cpbdur:2 q:43.85 aq:45.00 tex:29 mv:22 misc:421 imb:0 pmb:4 smb:8156 d:- ref:0 ;
in:198 out:199 type:b dur:2 cpbdur:2 q:43.67 aq:45.20 tex:37 mv:36 misc:415 imb:2 pmb:2 smb:8156 d:- ref:0 ;
in:203 out:200 type:P dur:2 cpbdur:2 q:43.38 aq:33.41 tex:8903 mv:4815 misc:3458 imb:274 pmb:541 smb:7345 d:- ref:0 ;
in:201 out:201 type:B dur:2 cpbdur:2 q:43.48 aq:36.14 tex:213 mv:201 misc:530 imb:1 pmb:23 smb:8136 d:- ref:0 ;
in:200 out:202 type:b dur:2 cpbdur:2 q:43.53 aq:45.00 tex:41 mv:21 misc:410 imb:0 pmb:3 smb:8157 d:- ref:0 ;
in:202 out:203 type:b dur:2 cpbdur:2 q:43.43 aq:45.00 tex:0 mv:6 misc:402 imb:0 pmb:1 smb:8159 d:- ref:0 ;
in:207 out:204 type:P dur:2 cpbdur:2 q:43.11 aq:33.86 tex:8875 mv:4093 misc:3184 imb:191 pmb:531 smb:7438 d:- ref:0 ;
in:205 out:205 type:B dur:2 cpbdur:2 q:43.24 aq:43.89 tex:228 mv:250 misc:554 imb:2 pmb:30 smb:8128 d:- ref:0 ;
in:204 out:206 type:b dur:2 cpbdur:2 q:43.31 aq:45.39 tex:67 mv:51 misc:426 imb:0 pmb:6 smb:8154 d:- ref:0 ;
in:206 out:207 type:b dur:2 cpbdur:2 q:43.18 aq:45.00 tex:2 mv:70 misc:432 imb:0 pmb:7 smb:8153 d:- ref:0 ;
in:209 out:208 type:P dur:2 cpbdur:2 q:42.95 aq:34.02 tex:6634 mv:2963 misc:2659 imb:116 pmb:398 smb:7646 d:- ref:0 ;
in:208 out:209 type:b dur:2 cpbdur:2 q:43.03 aq:45.56 tex:58 mv:118 misc:440 imb:0 pmb:11 smb:8149 d:- ref:0 ;
in:213 out:210 type:P dur:2 cpbdur:2 q:42.74 aq:34.08 tex:13100 mv:6553 misc:3947 imb:229 pmb:900 smb:7031 d:- ref:0 ;
in:211 out:211 type:B dur:2 cpbdur:2 q:42.84 aq:43.21 tex:170 mv:345 misc:581 imb:0 pmb:43 smb:8117 d:- ref:0 ;
in:210 out:212 type:b dur:2 cpbdur:2 q:42.90 aq:44.79 tex:23 mv:88 misc:433 imb:0 pmb:9 smb:8151 d:- ref:0 ;
in:212 out:213 type:b dur:2 cpbdur:2 q:42.79 aq:44.00 tex:18 mv:67 misc:451 imb:0 pmb:8 smb:8152 d:- ref:0 ;
in:217 out:214 type:P dur:2 cpbdur:2 q:42.50 aq:32.59 tex:11785 mv:5804 misc:3843 imb:292 pmb:672 smb:7196 d:- ref:0 ;
in:215 out:215 type:B dur:2 cpbdur:2 q:42.62 aq:41.41 tex:194 mv:541 misc:617 imb:2 pmb:52 smb:8106 d:- ref:0 ;
in:214 out:216 type:b dur:2 cpbdur:2 q:42.68 aq:44.68 tex:79 mv:111 misc:466 imb:0 pmb:13 smb:8147 d:- ref:0 ;
in:216 out:217 type:b dur:2 cpbdur:2 q:42.56 aq:43.47 tex:23 mv:254 misc:507 imb:0 pmb:27 smb:8133 d:- ref:0 ;
in:221 out:218 type:P dur:2 cpbdur:2 q:42.25 aq:33.63 tex:12352 mv:5222 misc:3298 imb:172 pmb:694 smb:7294 d:- ref:0 ;
in:219 out:219 type:B dur:2 cpbdur:2 q:42.37 aq:42.59 tex:442 mv:778 misc:692 imb:4 pmb:75 smb:8081 d:- ref:0 ;
in:218 out:220 type:b dur:2 cpbdur:2 q:42.43 aq:42.90 tex:35 mv:185 misc:492 imb:0 pmb:23 smb:8137 d:- ref:0 ;
in:220 out:221 type:b dur:2 cpbdur:2 q:42.31 aq:45.22 tex:78 mv:332 misc:518 imb:2 pmb:28 smb:8130 d:- ref:0 ;
in:225 out:222 type:P dur:2 cpbdur:2 q:42.09 aq:32.68 tex:15803 mv:7045 misc:4408 imb:470 pmb:756 smb:6934 d:- ref:0 ;
in:223 out:223 type:B dur:2 cpbdur:2 q:42.17 aq:42.88 tex:333 mv:676 misc:663 imb:6 pmb:65 smb:8089 d:- ref:0 ;
in:222 out:224 type:b dur:2 cpbdur:2 q:42.21 aq:43.55 tex:52 mv:409 misc:531 imb:3 pmb:32 smb:8125 d:- ref:0 ;
in:224 out:225 type:b dur:2 cpbdur:2 q:42.13 aq:42.33 tex:51 mv:220 misc:497 imb:2 pmb:18 smb:8140 d:- ref:0 ;
in:229 out:226 type:P dur:2 cpbdur:2 q:41.96 aq:32.83 tex:12265 mv:6416 misc:4047 imb:241 pmb:854 smb:7065 d:- ref:0 ;
in:227 out:227 type:B dur:2 cpbdur:2 q:42.02 aq:42.65 tex:285 mv:349 misc:558 imb:1 pmb:35 smb:8124 d:- ref:0 ;
in:226 out:228 type:b dur:2 cpbdur:2 q:42.06 aq:44.00 tex:17 mv:115 misc:476 imb:0 pmb:17 smb:8143 d:- ref:0 ;
in:228 out:229 type:b dur:2 cpbdur:2 q:41.99 aq:44.00 tex:18 mv:93 misc:433 imb:0 pmb:9 smb:8151 d:- ref:0 ;
in:233 out:230 type:P dur:2 cpbdur:2 q:41.75 aq:32.73 tex:11396 mv:5715 misc:3417 imb:202 pmb:692 smb:7266 d:- ref:0 ;
in:231 out:231 type:B dur:2 cpbdur:2 q:41.86 aq:42.06 tex:426 mv:781 misc:721 imb:6 pmb:74 smb:8080 d:- ref:0 ;
in:230 out:232 type:b dur:2 cpbdur:2 q:41.91 aq:43.35 tex:71 mv:135 misc:466 imb:0 pmb:17 smb:8143 d:- ref:0 ;
in:232 out:233 type:b dur:2 cpbdur:2 q:41.80 aq:44.33 tex:211 mv:290 misc:531 imb:0 pmb:31 smb:8129 d:- ref:0 ;
in:237 out:234 type:P dur:2 cpbdur:2 q:41.53 aq:33.20 tex:14907 mv:7895 misc:4046 imb:266 pmb:994 smb:6900 d:- ref:0 ;
in:235 out:235 type:B dur:2 cpbdur:2 q:41.64 aq:38.58 tex:905 mv:1398 misc:817 imb:14 pmb:112 smb:8034 d:- ref:0 ;
in:234 out:236 type:b dur:2 cpbdur:2 q:41.70 aq:42.65 tex:191 mv:514 misc:567 imb:3 pmb:43 smb:8114 d:- ref:0 ;
in:236 out:237 type:b dur:2 cpbdur:2 q:41.59 aq:42.74 tex:218 mv:525 misc:585 imb:5 pmb:44 smb:8111 d:- ref:0 ;
in:241 out:238 type:P dur:2 cpbdur:2 q:41.29 aq:32.49 tex:15819 mv:7679 misc:4438 imb:388 pmb:799 smb:6973 d:- ref:0 ;
in:239 out:239 type:B dur:2 cpbdur:2 q:41.41 aq:40.73 tex:837 mv:1417 misc:738 imb:15 pmb:107 smb:8038 d:- ref:0 ;
in:238 out:240 type:b dur:2 cpbdur:2 q:41.47 aq:43.12 tex:121 mv:542 misc:601 imb:1 pmb:47 smb:8112 d:- ref:0 ;
in:240 out:241 type:b dur:2 cpbdur:2 q:41.35 aq:42.01 tex:221 mv:520 misc:579 imb:6 pmb:38 smb:8116 d:- ref:0 ;
in:245 out:242 type:P dur:2 cpbdur:2 q:41.28 aq:34.10 tex:15179 mv:6379 misc:3450 imb:336 pmb:595 smb:7229 d:- ref:0 ;
in:243 out:243 type:B dur:2 cpbdur:2 q:41.29 aq:32.44 tex:1363 mv:1672 misc:781 imb:29 pmb:115 smb:8016 d:- ref:0 ;
in:242 out:244 type:b dur:2 cpbdur:2 q:41.29 aq:42.54 tex:322 mv:598 misc:560 imb:5 pmb:45 smb:8110 d:- ref:0 ;
in:244 out:245 type:b dur:2 cpbdur:2 q:41.28 aq:43.17 tex:661 mv:1026 misc:641 imb:6 pmb:92 smb:8062 d:- ref:0 ;
in:249 out:246 type:P dur:2 cpbdur:2 q:41.17 aq:34.43 tex:17132 mv:6678 misc:2878 imb:375 pmb:500 smb:7285 d:- ref:0 ;
in:247 out:247 type:B dur:2 cpbdur:2 q:41.22 aq:38.80 tex:1388 mv:2421 misc:999 imb:23 pmb:210 smb:7927 d:- ref:0 ;
in:246 out:248 type:b dur:2 cpbdur:2 q:41.25 aq:42.36 tex:503 mv:1372 misc:725 imb:9 pmb:124 smb:8027 d:- ref:0 ;
in:248 out:249 type:b dur:2 cpbdur:2 q:41.19 aq:43.54 tex:689 mv:1391 misc:768 imb:5 pmb:145 smb:8010 d:- ref:0 ;
in:250 out:250 type:I dur:2 cpbdur:2 q:39.01 aq:31.42 tex:265168 mv:85943 misc:329 imb:8160 pmb:0 smb:0 d:- ref:;
in:254 out:251 type:P dur:2 cpbdur:2 q:42.48 aq:36.19 tex:12690 mv:6768 misc:2142 imb:311 pmb:529 smb:7320 d:- ref:0 ;
in:252 out:252 type:B dur:2 cpbdur:2 q:42.48 aq:43.10 tex:1357 mv:2737 misc:1050 imb:39 pmb:237 smb:7884 d:- ref:0 ;
in:251 out:253 type:b dur:2 cpbdur:2 q:42.48 aq:44.28 tex:544 mv:1573 misc:843 imb:7 pmb:156 smb:7997 d:- ref:0 ;
in:253 out:254 type:b dur:2 cpbdur:2 q:42.48 aq:43.32 tex:792 mv:1825 misc:911 imb:20 pmb:171 smb:7969 d:- ref:0 ;
in:256 out:255 type:P dur:2 cpbdur:2 q:42.35 aq:37.51 tex:12935 mv:7764 misc:3285 imb:286 pmb:768 smb:7106 d:- ref:0 ;
in:255 out:256 type:b dur:2 cpbdur:2 q:42.42 aq:44.99 tex:1106 mv:2195 misc:955 imb:20 pmb:199 smb:7941 d:- ref:0 ;
in:258 out:257 type:P dur:2 cpbdur:2 q:42.33 aq:36.62 tex:10213 mv:5739 misc:2192 imb:205 pmb:453 smb:7502 d:- ref:0 ;
in:257 out:258 type:b dur:2 cpbdur:2 q:42.34 aq:42.66 tex:1085 mv:2342 misc:1061 imb:19 pmb:211 smb:7930 d:- ref:0 ;
in:260 out:259 type:P dur:2 cpbdur:2 q:42.32 aq:37.60 tex:11406 mv:5985 misc:2073 imb:257 pmb:421 smb:7482 d:- ref:0 ;
in:259 out:260 type:b dur:2 cpbdur:2 q:42.32 aq:44.14 tex:1394 mv:2663 misc:1239 imb:23 pmb:260 smb:7877 d:- ref:0 ;
in:264 out:261 type:P dur:2 cpbdur:2 q:42.24 aq:37.54 tex:19644 mv:9045 misc:2375 imb:510 pmb:588 smb:7062 d:- ref:0 ;
in:262 out:262 type:B dur:2 cpbdur:2 q:42.28 aq:41.79 tex:3493 mv:5207 misc:1508 imb:68 pmb:459 smb:7633 d:- ref:0 ;
in:261 out:263 type:b dur:2 cpbdur:2 q:42.30 aq:42.78 tex:1469 mv:3804 misc:1295 imb:23 pmb:368 smb:7769 d:- ref:0 ;
in:263 out:264 type:b dur:2 cpbdur:2 q:42.26 aq:44.38 tex:1550 mv:3080 misc:1202 imb:24 pmb:320 smb:7816 d:- ref:0 ;
in:268 out:265 type:P dur:2 cpbdur:2 q:42.50 aq:38.08 tex:16582 mv:8658 misc:2112 imb:438 pmb:543 smb:7179 d:- ref:0 ;
in:266 out:266 type:B dur:2 cpbdur:2 q:42.37 aq:41.41 tex:4816 mv:5422 misc:1466 imb:91 pmb:431 smb:7638 d:- ref:0 ;
in:265 out:267 type:b dur:2 cpbdur:2 q:42.31 aq:43.96 tex:1428 mv:3212 misc:1176 imb:29 pmb:304 smb:7827 d:- ref:0 ;
in:267 out:268 type:b dur:2 cpbdur:2 q:42.43 aq:43.65 tex:1629 mv:3188 misc:1199 imb:37 pmb:281 smb:7842 d:- ref:0 ;
in:272 out:269 type:P dur:2 cpbdur:2 q:42.46 aq:36.36 tex:19844 mv:7196 misc:1880 imb:500 pmb:392 smb:7268 d:- ref:0 ;
in:270 out:270 type:B dur:2 cpbdur:2 q:42.48 aq:42.73 tex:4282 mv:4623 misc:1407 imb:74 pmb:411 smb:7675 d:- ref:0 ;
in:269 out:271 type:b dur:2 cpbdur:2 q:42.49 aq:44.41 tex:1595 mv:3217 misc:1220 imb:29 pmb:288 smb:7843 d:- ref:0 ;
in:271 out:272 type:b dur:2 cpbdur:2 q:42.47 aq:43.83 tex:1157 mv:2565 misc:1142 imb:32 pmb:251 smb:7877 d:- ref:0 ;
in:276 out:273 type:P dur:2 cpbdur:2 q:42.54 aq:38.89 tex:16386 mv:6350 misc:1784 imb:360 pmb:367 smb:7433 d:- ref:0 ;
in:274 out:274 type:B dur:2 cpbdur:2 q:42.50 aq:42.44 tex:4276 mv:4305 misc:1355 imb:77 pmb:379 smb:7704 d:- ref:0 ;
in:273 out:275 type:b dur:2 cpbdur:2 q:42.48 aq:44.06 tex:1775 mv:2916 misc:1117 imb:40 pmb:289 smb:7831 d:- ref:0 ;
in:275 out:276 type:b dur:2 cpbdur:2 q:42.52 aq:43.97 tex:1376 mv:2769 misc:1191 imb:25 pmb:279 smb:7856 d:- ref:0 ;
in:280 out:277 type:P dur:2 cpbdur:2 q:42.51 aq:40.18 tex:23473 mv:10206 misc:3209 imb:567 pmb:750 smb:6843 d:- ref:0 ;
in:278 out:278 type:B dur:2 cpbdur:2 q:42.53 aq:42.76 tex:5572 mv:5367 misc:1485 imb:96 pmb:429 smb:7635 d:- ref:0 ;
in:277 out:279 type:b dur:2 cpbdur:2 q:42.54 aq:44.78 tex:2321 mv:3564 misc:1203 imb:40 pmb:317 smb:7803 d:- ref:0 ;
in:279 out:280 type:b dur:2 cpbdur:2 q:42.52 aq:44.71 tex:2622 mv:3676 misc:1270 imb:38 pmb:334 smb:7788 d:- ref:0 ;
in:284 out:281 type:P dur:2 cpbdur:2 q:42.47 aq:35.66 tex:22739 mv:9296 misc:2349 imb:497 pmb:619 smb:7044 d:- ref:0 ;
in:282 out:282 type:B dur:2 cpbdur:2 q:42.49 aq:42.59 tex:5239 mv:5516 misc:1525 imb:91 pmb:457 smb:7612 d:- ref:0 ;
in:281 out:283 type:b dur:2 cpbdur:2 q:42.50 aq:44.47 tex:2004 mv:3540 misc:1264 imb:37 pmb:330 smb:7793 d:- ref:0 ;
in:283 out:284 type:b dur:2 cpbdur:2 q:42.48 aq:43.97 tex:2183 mv:3558 misc:1299 imb:40 pmb:340 smb:7780 d:- ref:0 ;
in:288 out:285 type:P dur:2 cpbdur:2 q:42.44 aq:41.82 tex:28111 mv:9443 misc:2022 imb:692 pmb:482 smb:6986 d:- ref:0 ;
in:286 out:286 type:B dur:2 cpbdur:2 q:42.45 aq:42.19 tex:7445 mv:7006 misc:1733 imb:129 pmb:548 smb:7483 d:- ref:0 ;
in:285 out:287 type:b dur:2 cpbdur:2 q:42.46 aq:43.71 tex:2436 mv:4218 misc:1330 imb:47 pmb:366 smb:7747 d:- ref:0 ;
in:287 out:288 type:b dur:2 cpbdur:2 q:42.44 aq:44.62 tex:3244 mv:4584 misc:1348 imb:63 pmb:443 smb:7654 d:- ref:0 ;
in:292 out:289 type:P dur:2 cpbdur:2 q:42.54 aq:38.13 tex:29490 mv:11419 misc:2523 imb:854 pmb:579 smb:6727 d:- ref:0 w:6,65,-2 ;
in:290 out:290 type:B dur:2 cpbdur:2 q:42.49 aq:42.60 tex:6955 mv:6360 misc:1829 imb:118 pmb:568 smb:7474 d:- ref:0 ;
in:289 out:291 type:b dur:2 cpbdur:2 q:42.46 aq:43.95 tex:3009 mv:4257 misc:1534 imb:58 pmb:412 smb:7690 d:- ref:0 ;
in:291 out:292 type:b dur:2 cpbdur:2 q:42.52 aq:43.94 tex:2592 mv:3795 misc:1453 imb:33 pmb:383 smb:7744 d:- ref:0 ;
in:296 out:293 type:P dur:2 cpbdur:2 q:42.70 aq:37.85 tex:34089 mv:14220 misc:3771 imb:1059 pmb:741 smb:6360 d:- ref:0 ;
in:294 out:294 type:B dur:2 cpbdur:2 q:42.62 aq:38.79 tex:8353 mv:8167 misc:2032 imb:160 pmb:649 smb:7351 d:- ref:0 ;
in:293 out:295 type:b dur:2 cpbdur:2 q:42.58 aq:43.64 tex:3321 mv:5325 misc:1578 imb:66 pmb:445 smb:7649 d:- ref:0 ;
in:295 out:296 type:b dur:2 cpbdur:2 q:42.66 aq:40.09 tex:3408 mv:4782 misc:1770 imb:55 pmb:481 smb:7624 d:- ref:0 ;
in:298 out:297 type:P dur:2 cpbdur:2 q:42.77 aq:37.74 tex:21697 mv:10568 misc:3287 imb:615 pmb:677 smb:6868 d:- ref:0 ;
in:297 out:298 type:b dur:2 cpbdur:2 q:42.74 aq:44.53 tex:3230 mv:4909 misc:1741 imb:41 pmb:446 smb:7673 d:- ref:0 ;
in:299 out:299 type:P dur:2 cpbdur:2 q:42.80 aq:38.12 tex:14332 mv:7931 misc:3065 imb:380 pmb:593 smb:7187 d:- ref:0 ;
in:302 out:300 type:P dur:2 cpbdur:2 q:42.78 aq:37.38 tex:36520 mv:14191 misc:3929 imb:1133 pmb:730 smb:6297 d:- ref:0 ;
in:300 out:301 type:B dur:2 cpbdur:2 q:42.79 aq:39.97 tex:6329 mv:8100 misc:2299 imb:125 pmb:688 smb:7347 d:- ref:0 ;
in:301 out:302 type:b dur:2 cpbdur:2 q:42.79 aq:41.65 tex:3335 mv:6276 misc:2013 imb:55 pmb:578 smb:7527 d:- ref:0 ;
in:306 out:303 type:P dur:2 cpbdur:2 q:42.96 aq:37.86 tex:36676 mv:14788 misc:2968 imb:1084 pmb:773 smb:6303 d:- ref:0 ;
in:304 out:304 type:B dur:2 cpbdur:2 q:42.87 aq:38.93 tex:11224 mv:10515 misc:2421 imb:254 pmb:771 smb:7135 d:- ref:0 ;
in:303 out:305 type:b dur:2 cpbdur:2 q:42.83 aq:44.30 tex:3830 mv:7101 misc:2117 imb:92 pmb:634 smb:7434 d:- ref:0 ;
in:305 out:306 type:b dur:2 cpbdur:2 q:42.92 aq:43.92 tex:3294 mv:6360 misc:2026 imb:65 pmb:606 smb:7489 d:- ref:0 ;
in:308 out:307 type:P dur:2 cpbdur:2 q:43.20 aq:38.18 tex:21052 mv:10780 misc:2912 imb:528 pmb:695 smb:6937 d:- ref:0 ;
in:307 out:308 type:b dur:2 cpbdur:2 q:43.08 aq:41.04 tex:2953 mv:6026 misc:1965 imb:52 pmb:571 smb:7537 d:- ref:0 ;
in:310 out:309 type:P dur:2 cpbdur:2 q:43.30 aq:39.72 tex:24118 mv:11377 misc:2785 imb:594 pmb:702 smb:6864 d:- ref:0 ;
in:309 out:310 type:b dur:2 cpbdur:2 q:43.25 aq:41.23 tex:3584 mv:6133 misc:2011 imb:69 pmb:561 smb:7530 d:- ref:0 ;
in:311 out:311 type:P dur:2 cpbdur:2 q:43.41 aq:40.12 tex:14819 mv:9186 misc:3179 imb:343 pmb:730 smb:7087 d:- ref:0 ;
in:312 out:312 type:P dur:2 cpbdur:2 q:43.58 aq:41.32 tex:12535 mv:7689 misc:2552 imb:330 pmb:532 smb:7298 d:- ref:0 ;
in:316 out:313 type:P dur:2 cpbdur:2 q:43.60 aq:41.08 tex:40915 mv:14244 misc:2921 imb:1162 pmb:661 smb:6337 d:- ref:0 ;
in:314 out:314 type:B dur:2 cpbdur:2 q:43.59 aq:43.91 tex:9308 mv:10184 misc:2380 imb:174 pmb:861 smb:7125 d:- ref:0 ;
in:313 out:315 type:b dur:2 cpbdur:2 q:43.59 aq:45.02 tex:4102 mv:6881 misc:2065 imb:87 pmb:636 smb:7437 d:- ref:0 ;
in:315 out:316 type:b dur:2 cpbdur:2 q:43.60 aq:45.38 tex:3984 mv:6715 misc:2085 imb:81 pmb:614 smb:7465 d:- ref:0 ;
in:318 out:317 type:P dur:2 cpbdur:2 q:43.89 aq:39.14 tex:23460 mv:11511 misc:3093 imb:667 pmb:680 smb:6813 d:- ref:0 ;
in:317 out:318 type:b dur:2 cpbdur:2 q:43.74 aq:45.36 tex:3995 mv:6383 misc:2094 imb:80 pmb:603 smb:7477 d:- ref:0 ;
in:322 out:319 type:P dur:2 cpbdur:2 q:43.98 aq:38.04 tex:42824 mv:18677 misc:3995 imb:1327 pmb:1029 smb:5804 d:- ref:0 ;
in:320 out:320 type:B dur:2 cpbdur:2 q:43.94 aq:43.43 tex:8889 mv:11259 misc:2684 imb:189 pmb:979 smb:6992 d:- ref:0 ;
in:319 out:321 type:b dur:2 cpbdur:2 q:43.91 aq:45.29 tex:3453 mv:7024 misc:2179 imb:90 pmb:668 smb:7402 d:- ref:0 ;
in:321 out:322 type:b dur:2 cpbdur:2 q:43.96 aq:45.00 tex:3221 mv:6222 misc:2277 imb:76 pmb:646 smb:7438 d:- ref:0 ;
in:324 out:323 type:P dur:2 cpbdur:2 q:44.19 aq:39.14 tex:22255 mv:12324 misc:3797 imb:639 pmb:840 smb:6681 d:- ref:0 ;
in:323 out:324 type:b dur:2 cpbdur:2 q:44.09 aq:45.10 tex:2841 mv:5812 misc:2147 imb:71 pmb:584 smb:7505 d:- ref:0 ;
in:326 out:325 type:P dur:2 cpbdur:2 q:44.41 aq:39.16 tex:22845 mv:12221 misc:3214 imb:683 pmb:759 smb:6718 d:- ref:0 ;
in:325 out:326 type:b dur:2 cpbdur:2 q:44.30 aq:45.67 tex:2437 mv:5759 misc:2284 imb:49 pmb:603 smb:7508 d:- ref:0 ;
in:327 out:327 type:P dur:2 cpbdur:2 q:44.51 aq:39.12 tex:12474 mv:8331 misc:2947 imb:367 pmb:593 smb:7200 d:- ref:0 ;
in:329 out:328 type:P dur:2 cpbdur:2 q:44.51 aq:39.38 tex:21554 mv:11757 misc:3105 imb:716 pmb:675 smb:6769 d:- ref:0 ;
in:328 out:329 type:b dur:2 cpbdur:2 q:44.51 aq:45.33 tex:3956 mv:6549 misc:2407 imb:86 pmb:660 smb:7414 d:- ref:0 ;
in:331 out:330 type:P dur:2 cpbdur:2 q:44.60 aq:41.22 tex:20388 mv:11753 misc:3083 imb:732 pmb:681 smb:6747 d:- ref:0 ;
in:330 out:331 type:b dur:2 cpbdur:2 q:44.55 aq:45.71 tex:2923 mv:6100 misc:2321 imb:67 pmb:610 smb:7483 d:- ref:0 ;
in:333 out:332 type:P dur:2 cpbdur:2 q:44.82 aq:38.70 tex:18778 mv:12582 misc:3456 imb:731 pmb:772 smb:6657 d:- ref:0 ;
in:332 out:333 type:b dur:2 cpbdur:2 q:44.71 aq:45.44 tex:2868 mv:5992 misc:2292 imb:78 pmb:624 smb:7458 d:- ref:0 ;
in:334 out:334 type:P dur:2 cpbdur:2 q:44.85 aq:39.10 tex:9803 mv:7933 misc:3144 imb:339 pmb:586 smb:7235 d:- ref:0 ;
in:335 out:335 type:P dur:2 cpbdur:2 q:44.94 aq:39.64 tex:11338 mv:7979 misc:3107 imb:417 pmb:544 smb:7199 d:- ref:0 ;
in:339 out:336 type:P dur:2 cpbdur:2 q:44.95 aq:38.95 tex:33088 mv:15967 misc:3745 imb:1288 pmb:825 smb:6047 d:- ref:0 ;
in:337 out:337 type:B dur:2 cpbdur:2 q:44.95 aq:43.77 tex:7095 mv:10014 misc:2883 imb:177 pmb:922 smb:7061 d:- ref:0 ;
in:336 out:338 type:b dur:2 cpbdur:2 q:44.94 aq:45.52 tex:2732 mv:6586 misc:2346 imb:84 pmb:674 smb:7402 d:- ref:0 ;
in:338 out:339 type:b dur:2 cpbdur:2 q:44.95 aq:46.04 tex:3267 mv:5990 misc:2375 imb:81 pmb:658 smb:7421 d:- ref:0 ;
in:341 out:340 type:P dur:2 cpbdur:2 q:45.20 aq:39.24 tex:18305 mv:10839 misc:3344 imb:683 pmb:641 smb:6836 d:- ref:0 ;
in:340 out:341 type:b dur:2 cpbdur:2 q:45.08 aq:46.27 tex:2503 mv:6232 misc:2353 imb:63 pmb:686 smb:7411 d:- ref:0 ;
in:342 out:342 type:P dur:2 cpbdur:2 q:45.32 aq:40.40 tex:13080 mv:9409 misc:3375 imb:472 pmb:645 smb:7043 d:- ref:0 ;
in:343 out:343 type:P dur:2 cpbdur:2 q:45.34 aq:42.38 tex:11576 mv:9088 misc:3288 imb:411 pmb:625 smb:7124 d:- ref:0 ;
in:345 out:344 type:P dur:2 cpbdur:2 q:45.42 aq:42.95 tex:18657 mv:11376 misc:3215 imb:754 pmb:631 smb:6775 d:- ref:0 ;
in:344 out:345 type:b dur:2 cpbdur:2 q:45.38 aq:46.63 tex:2950 mv:6228 misc:2486 imb:85 pmb:679 smb:7396 d:- ref:0 ;
in:346 out:346 type:P dur:2 cpbdur:2 q:45.46 aq:41.55 tex:11466 mv:8438 misc:3064 imb:455 pmb:570 smb:7135 d:- ref:0 ;
in:348 out:347 type:P dur:2 cpbdur:2 q:45.50 aq:40.61 tex:18741 mv:10823 misc:3140 imb:783 pmb:605 smb:6772 d:- ref:0 ;
in:347 out:348 type:b dur:2 cpbdur:2 q:45.48 aq:46.81 tex:3315 mv:6824 misc:2493 imb:116 pmb:670 smb:7374 d:- ref:0 ;
in:350 out:349 type:P dur:2 cpbdur:2 q:45.65 aq:38.63 tex:18436 mv:11479 misc:3125 imb:755 pmb:635 smb:6770 d:- ref:0 ;
in:349 out:350 type:b dur:2 cpbdur:2 q:45.57 aq:46.58 tex:3280 mv:6687 misc:2401 imb:109 pmb:641 smb:7410 d:- ref:0 ;
in:352 out:351 type:P dur:2 cpbdur:2 q:45.68 aq:42.87 tex:19430 mv:11669 misc:3293 imb:789 pmb:669 smb:6702 d:- ref:0 ;
in:351 out:352 type:b dur:2 cpbdur:2 q:45.67 aq:46.59 tex:3147 mv:6245 misc:2368 imb:106 pmb:667 smb:7387 d:- ref:0 ;
in:353 out:353 type:P dur:2 cpbdur:2 q:45.78 aq:43.06 tex:11114 mv:8928 misc:3078 imb:466 pmb:567 smb:7127 d:- ref:0 ;
in:356 out:354 type:P dur:2 cpbdur:2 q:45.83 aq:42.81 tex:23951 mv:14425 misc:3792 imb:1041 pmb:797 smb:6322 d:- ref:0 ;
in:354 out:355 type:B dur:2 cpbdur:2 q:45.80 aq:45.26 tex:4913 mv:8702 misc:2897 imb:154 pmb:837 smb:7169 d:- ref:0 ;
in:355 out:356 type:b dur:2 cpbdur:2 q:45.82 aq:46.26 tex:3437 mv:6754 misc:2625 imb:113 pmb:688 smb:7359 d:- ref:0 ;
in:359 out:357 type:P dur:2 cpbdur:2 q:46.00 aq:42.90 tex:26789 mv:16109 misc:3678 imb:1204 pmb:833 smb:6123 d:- ref:0 ;
in:357 out:358 type:B dur:2 cpbdur:2 q:45.89 aq:45.18 tex:5446 mv:9130 misc:3064 imb:182 pmb:894 smb:7084 d:- ref:0 ;
in:358 out:359 type:b dur:2 cpbdur:2 q:45.94 aq:46.89 tex:3420 mv:6866 misc:2706 imb:90 pmb:758 smb:7312 d:- ref:0 ;
in:361 out:360 type:P dur:2 cpbdur:2 q:46.19 aq:41.35 tex:19062 mv:13479 misc:4211 imb:826 pmb:860 smb:6474 d:- ref:0 ;
in:360 out:361 type:b dur:2 cpbdur:2 q:46.09 aq:47.55 tex:3447 mv:7031 misc:2738 imb:82 pmb:795 smb:7283 d:- ref:0 ;
in:362 out:362 type:P dur:2 cpbdur:2 q:46.32 aq:40.08 tex:11377 mv:9314 misc:3717 imb:518 pmb:666 smb:6976 d:- ref:0 ;
in:363 out:363 type:P dur:2 cpbdur:2 q:46.40 aq:41.53 tex:11153 mv:8503 misc:3544 imb:556 pmb:542 smb:7062 d:- ref:0 ;
in:367 out:364 type:P dur:2 cpbdur:2 q:46.42 aq:39.39 tex:29677 mv:16424 misc:3875 imb:1544 pmb:784 smb:5832 d:- ref:0 ;
in:365 out:365 type:B dur:2 cpbdur:2 q:46.41 aq:45.65 tex:7842 mv:10895 misc:2935 imb:289 pmb:894 smb:6977 d:- ref:0 ;
in:364 out:366 type:b dur:2 cpbdur:2 q:46.41 aq:46.82 tex:3170 mv:7382 misc:2712 imb:121 pmb:772 smb:7267 d:- ref:0 ;
in:366 out:367 type:b dur:2 cpbdur:2 q:46.42 aq:47.65 tex:2656 mv:6092 misc:2468 imb:80 pmb:671 smb:7409 d:- ref:0 ;
in:371 out:368 type:P dur:2 cpbdur:2 q:46.59 aq:41.84 tex:27328 mv:15470 misc:3626 imb:1348 pmb:752 smb:6060 d:- ref:0 ;
in:369 out:369 type:B dur:2 cpbdur:2 q:46.51 aq:46.17 tex:6361 mv:9100 misc:2803 imb:213 pmb:824 smb:7123 d:- ref:0 ;
in:368 out:370 type:b dur:2 cpbdur:2 q:46.46 aq:46.95 tex:3170 mv:6393 misc:2413 imb:100 pmb:651 smb:7409 d:- ref:0 ;
in:370 out:371 type:b dur:2 cpbdur:2 q:46.55 aq:47.70 tex:2995 mv:5164 misc:2145 imb:82 pmb:562 smb:7516 d:- ref:0 ;
in:373 out:372 type:P dur:2 cpbdur:2 q:46.79 aq:38.86 tex:16233 mv:11609 misc:4070 imb:861 pmb:688 smb:6611 d:- ref:0 ;
in:372 out:373 type:b dur:2 cpbdur:2 q:46.69 aq:47.44 tex:2891 mv:4844 misc:2161 imb:85 pmb:536 smb:7539 d:- ref:0 ;
in:375 out:374 type:P dur:2 cpbdur:2 q:46.84 aq:42.86 tex:16478 mv:10787 misc:3335 imb:865 pmb:559 smb:6736 d:- ref:0 ;
in:374 out:375 type:b dur:2 cpbdur:2 q:46.81 aq:48.09 tex:2553 mv:5128 misc:2207 imb:69 pmb:577 smb:7514 d:- ref:0 ;
in:377 out:376 type:P dur:2 cpbdur:2 q:47.00 aq:42.89 tex:13734 mv:9796 misc:3102 imb:770 pmb:517 smb:6873 d:- ref:0 ;
in:376 out:377 type:b dur:2 cpbdur:2 q:46.92 aq:47.91 tex:2360 mv:4798 misc:2154 imb:72 pmb:540 smb:7548 d:- ref:0 ;
in:381 out:378 type:P dur:2 cpbdur:2 q:47.07 aq:42.77 tex:16171 mv:9843 misc:2842 imb:948 pmb:428 smb:6784 d:- ref:0 ;
in:379 out:379 type:B dur:2 cpbdur:2 q:47.03 aq:45.89 tex:4384 mv:6800 misc:2376 imb:169 pmb:614 smb:7377 d:- ref:0 ;
in:378 out:380 type:b dur:2 cpbdur:2 q:47.01 aq:48.11 tex:2148 mv:4364 misc:1976 imb:74 pmb:448 smb:7638 d:- ref:0 ;
in:380 out:381 type:b dur:2 cpbdur:2 q:47.05 aq:48.42 tex:1838 mv:3692 misc:1830 imb:48 pmb:435 smb:7677 d:- ref:0 ;
in:383 out:382 type:P dur:2 cpbdur:2 q:47.19 aq:39.26 tex:9203 mv:7010 misc:2779 imb:541 pmb:381 smb:7238 d:- ref:0 ;
in:382 out:383 type:b dur:2 cpbdur:2 q:47.13 aq:47.62 tex:1514 mv:3416 misc:1742 imb:58 pmb:391 smb:7711 d:- ref:0 ;
in:387 out:384 type:P dur:2 cpbdur:2 q:47.24 aq:42.68 tex:14241 mv:7904 misc:2391 imb:904 pmb:294 smb:6962 d:- ref:0 ;
in:385 out:385 type:B dur:2 cpbdur:2 q:47.22 aq:46.47 tex:3539 mv:5034 misc:2083 imb:130 pmb:499 smb:7531 d:- ref:0 ;
in:384 out:386 type:b dur:2 cpbdur:2 q:47.21 aq:48.73 tex:2108 mv:3410 misc:1738 imb:57 pmb:417 smb:7686 d:- ref:0 ;
in:386 out:387 type:b dur:2 cpbdur:2 q:47.23 aq:48.85 tex:1648 mv:2743 misc:1513 imb:48 pmb:324 smb:7788 d:- ref:0 ;
in:391 out:388 type:P dur:2 cpbdur:2 q:47.32 aq:43.75 tex:11702 mv:6970 misc:2104 imb:720 pmb:290 smb:7150 d:- ref:0 ;
in:389 out:389 type:B dur:2 cpbdur:2 q:47.28 aq:46.92 tex:3555 mv:4894 misc:1927 imb:125 pmb:516 smb:7519 d:- ref:0 ;
in:388 out:390 type:b dur:2 cpbdur:2 q:47.26 aq:48.63 tex:1555 mv:2500 misc:1537 imb:40 pmb:344 smb:7776 d:- ref:0 ;
in:390 out:391 type:b dur:2 cpbdur:2 q:47.30 aq:48.58 tex:1841 mv:2594 misc:1573 imb:47 pmb:351 smb:7762 d:- ref:0 ;
in:395 out:392 type:P dur:2 cpbdur:2 q:47.33 aq:44.58 tex:11950 mv:8604 misc:3102 imb:700 pmb:488 smb:6972 d:- ref:0 ;
in:393 out:393 type:B dur:2 cpbdur:2 q:47.32 aq:46.57 tex:3211 mv:4264 misc:1821 imb:76 pmb:469 smb:7615 d:- ref:0 ;
in:392 out:394 type:b dur:2 cpbdur:2 q:47.32 aq:48.54 tex:2578 mv:2888 misc:1646 imb:42 pmb:413 smb:7705 d:- ref:0 ;
in:394 out:395 type:b dur:2 cpbdur:2 q:47.33 aq:48.78 tex:1108 mv:1754 misc:1266 imb:14 pmb:240 smb:7906 d:- ref:0 ;
in:399 out:396 type:P dur:2 cpbdur:2 q:47.34 aq:44.14 tex:10886 mv:6997 misc:2453 imb:670 pmb:332 smb:7158 d:- ref:0 ;
in:397 out:397 type:B dur:2 cpbdur:2 q:47.33 aq:46.70 tex:2896 mv:3729 misc:1807 imb:70 pmb:446 smb:7644 d:- ref:0 ;
in:396 out:398 type:b dur:2 cpbdur:2 q:47.33 aq:48.23 tex:1032 mv:1918 misc:1250 imb:21 pmb:246 smb:7893 d:- ref:0 ;
in:398 out:399 type:b dur:2 cpbdur:2 q:47.34 aq:48.05 tex:1584 mv:2368 misc:1376 imb:38 pmb:297 smb:7825 d:- ref:0 ;
in:401 out:400 type:P dur:2 cpbdur:2 q:47.34 aq:39.84 tex:7768 mv:5018 misc:2150 imb:396 pmb:266 smb:7498 d:- ref:0 ;
in:400 out:401 type:b dur:2 cpbdur:2 q:47.34 aq:49.20 tex:1690 mv:2059 misc:1291 imb:26 pmb:291 smb:7843 d:- ref:0 ;
in:405 out:402 type:P dur:2 cpbdur:2 q:47.35 aq:39.66 tex:10550 mv:7347 misc:3039 imb:541 pmb:514 smb:7105 d:- ref:0 ;
in:403 out:403 type:B dur:2 cpbdur:2 q:47.35 aq:40.58 tex:2577 mv:3106 misc:1485 imb:81 pmb:335 smb:7744 d:- ref:0 ;
in:402 out:404 type:b dur:2 cpbdur:2 q:47.35 aq:48.87 tex:1501 mv:2110 misc:1245 imb:25 pmb:256 smb:7879 d:- ref:0 ;
in:404 out:405 type:b dur:2 cpbdur:2 q:47.35 aq:49.05 tex:1193 mv:1567 misc:1240 imb:14 pmb:229 smb:7917 d:- ref:0 ;
in:409 out:406 type:P dur:2 cpbdur:2 q:47.35 aq:40.63 tex:12446 mv:8858 misc:3432 imb:669 pmb:598 smb:6893 d:- ref:0 ;
in:407 out:407 type:B dur:2 cpbdur:2 q:47.35 aq:42.39 tex:3247 mv:3440 misc:1465 imb:68 pmb:405 smb:7687 d:- ref:0 ;
in:406 out:408 type:b dur:2 cpbdur:2 q:47.35 aq:48.40 tex:1721 mv:1999 misc:1232 imb:25 pmb:269 smb:7866 d:- ref:0 ;
in:408 out:409 type:b dur:2 cpbdur:2 q:47.35 aq:48.65 tex:1500 mv:1391 misc:1109 imb:20 pmb:214 smb:7926 d:- ref:0 ;
in:413 out:410 type:P dur:2 cpbdur:2 q:47.30 aq:41.76 tex:7789 mv:4971 misc:2464 imb:389 pmb:299 smb:7472 d:- ref:0 w:6,63,1 ;
in:411 out:411 type:B dur:2 cpbdur:2 q:47.33 aq:42.79 tex:2043 mv:1971 misc:1282 imb:33 pmb:276 smb:7851 d:- ref:0 ;
in:410 out:412 type:b dur:2 cpbdur:2 q:47.34 aq:48.97 tex:1397 mv:1300 misc:1015 imb:18 pmb:206 smb:7936 d:- ref:0 ;
in:412 out:413 type:b dur:2 cpbdur:2 q:47.32 aq:46.85 tex:945 mv:876 misc:851 imb:10 pmb:135 smb:8015 d:- ref:0 ;
in:415 out:414 type:P dur:2 cpbdur:2 q:47.24 aq:40.41 tex:6111 mv:4517 misc:3028 imb:466 pmb:264 smb:7430 d:- ref:0 w:7,127,0 ;
in:414 out:415 type:b dur:2 cpbdur:2 q:47.27 aq:49.21 tex:895 mv:986 misc:935 imb:9 pmb:175 smb:7976 d:- ref:0 ;
in:419 out:416 type:P dur:2 cpbdur:2 q:47.19 aq:39.92 tex:10817 mv:7648 misc:3895 imb:582 pmb:516 smb:7062 d:- ref:0 ;
in:417 out:417 type:B dur:2 cpbdur:2 q:47.22 aq:40.84 tex:1270 mv:1573 misc:1125 imb:36 pmb:176 smb:7948 d:- ref:0 ;
in:416 out:418 type:b dur:2 cpbdur:2 q:47.23 aq:48.51 tex:882 mv:866 misc:884 imb:18 pmb:126 smb:8016 d:- ref:0 ;
in:418 out:419 type:b dur:2 cpbdur:2 q:47.20 aq:41.86 tex:839 mv:852 misc:917 imb:9 pmb:128 smb:8023 d:- ref:0 ;
in:423 out:420 type:P dur:2 cpbdur:2 q:47.13 aq:39.54 tex:13520 mv:7595 misc:4101 imb:971 pmb:385 smb:6804 d:- ref:0 w:0,1,1 ;
in:421 out:421 type:B dur:2 cpbdur:2 q:47.16 aq:43.78 tex:1631 mv:1454 misc:931 imb:22 pmb:209 smb:7929 d:- ref:0 ;
in:420 out:422 type:b dur:2 cpbdur:2 q:47.18 aq:48.42 tex:1092 mv:858 misc:826 imb:11 pmb:140 smb:8009 d:- ref:0 ;
in:422 out:423 type:b dur:2 cpbdur:2 q:47.15 aq:48.49 tex:1147 mv:854 misc:863 imb:9 pmb:156 smb:7995 d:- ref:0 ;
in:427 out:424 type:P dur:2 cpbdur:2 q:47.05 aq:39.48 tex:7332 mv:3322 misc:1946 imb:349 pmb:174 smb:7637 d:- ref:0 ;
in:425 out:425 type:B dur:2 cpbdur:2 q:47.09 aq:46.90 tex:1555 mv:1077 misc:792 imb:22 pmb:155 smb:7983 d:- ref:0 ;
in:424 out:426 type:b dur:2 cpbdur:2 q:47.11 aq:48.48 tex:1124 mv:783 misc:773 imb:14 pmb:121 smb:8025 d:- ref:0 ;
in:426 out:427 type:b dur:2 cpbdur:2 q:47.07 aq:48.39 tex:856 mv:569 misc:671 imb:5 pmb:94 smb:8061 d:- ref:0 ;
in:431 out:428 type:P dur:2 cpbdur:2 q:47.00 aq:39.82 tex:3820 mv:1983 misc:1421 imb:156 pmb:127 smb:7877 d:- ref:0 ;
in:429 out:429 type:B dur:2 cpbdur:2 q:47.03 aq:46.39 tex:667 mv:736 misc:669 imb:10 pmb:90 smb:8060 d:- ref:0 ;
in:428 out:430 type:b dur:2 cpbdur:2 q:47.04 aq:48.56 tex:517 mv:387 misc:592 imb:3 pmb:61 smb:8096 d:- ref:0 ;
in:430 out:431 type:b dur:2 cpbdur:2 q:47.02 aq:48.11 tex:279 mv:297 misc:536 imb:2 pmb:47 smb:8111 d:- ref:0 ;
in:433 out:432 type:P dur:2 cpbdur:2 q:46.92 aq:37.67 tex:3534 mv:2206 misc:2172 imb:211 pmb:158 smb:7791 d:- ref:0 ;
in:432 out:433 type:b dur:2 cpbdur:2 q:46.96 aq:48.91 tex:173 mv:182 misc:501 imb:2 pmb:23 smb:8135 d:- ref:0 ;
in:437 out:434 type:P dur:2 cpbdur:2 q:46.86 aq:38.06 tex:1521 mv:1356 misc:1507 imb:100 pmb:124 smb:7936 d:- ref:0 ;
in:435 out:435 type:B dur:2 cpbdur:2 q:46.89 aq:46.53 tex:125 mv:148 misc:479 imb:2 pmb:18 smb:8140 d:- ref:0 ;
in:434 out:436 type:b dur:2 cpbdur:2 q:46.90 aq:48.49 tex:121 mv:118 misc:449 imb:0 pmb:17 smb:8143 d:- ref:0 ;
in:436 out:437 type:b dur:2 cpbdur:2 q:46.87 aq:48.29 tex:22 mv:13 misc:413 imb:0 pmb:4 smb:8156 d:- ref:0 ;
in:441 out:438 type:P dur:2 cpbdur:2 q:46.70 aq:38.41 tex:594 mv:819 misc:1083 imb:29 pmb:95 smb:8036 d:- ref:0 ;
in:439 out:439 type:B dur:2 cpbdur:2 q:46.78 aq:46.00 tex:0 mv:3 misc:421 imb:0 pmb:1 smb:8159 d:- ref:0 ;
in:438 out:440 type:b dur:2 cpbdur:2 q:46.82 aq:48.00 tex:0 mv:0 misc:392 imb:0 pmb:0 smb:8160 d:- ref:0 ;
in:440 out:441 type:b dur:2 cpbdur:2 q:46.74 aq:48.00 tex:0 mv:0 misc:392 imb:0 pmb:0 smb:8160 d:- ref:0 ;
in:445 out:442 type:P dur:2 cpbdur:2 q:46.52 aq:42.06 tex:262 mv:322 misc:664 imb:11 pmb:32 smb:8117 d:- ref:0 ;
in:443 out:443 type:B dur:2 cpbdur:2 q:46.61 aq:46.00 tex:13 mv:6 misc:421 imb:0 pmb:1 smb:8159 d:- ref:0 ;
in:442 out:444 type:b dur:2 cpbdur:2 q:46.65 aq:48.00 tex:0 mv:0 misc:392 imb:0 pmb:0 smb:8160 d:- ref:0 ;
in:444 out:445 type:b dur:2 cpbdur:2 q:46.56 aq:48.00 tex:0 mv:0 misc:392 imb:0 pmb:0 smb:8160 d:- ref:0 ;
in:449 out:446 type:P dur:2 cpbdur:2 q:46.34 aq:45.93 tex:21 mv:74 misc:425 imb:0 pmb:7 smb:8153 d:- ref:0 ;
in:447 out:447 type:B dur:2 cpbdur:2 q:46.43 aq:46.00 tex:0 mv:0 misc:408 imb:0 pmb:0 smb:8160 d:- ref:0 ;
in:446 out:448 type:b dur:2 cpbdur:2 q:46.47 aq:48.00 tex:0 mv:0 misc:392 imb:0 pmb:0 smb:8160 d:- ref:0 ;
in:448 out:449 type:b dur:2 cpbdur:2 q:46.38 aq:48.00 tex:0 mv:0 misc:392 imb:0 pmb:0 smb:8160 d:- ref:0 ;
in:450 out:450 type:P dur:2 cpbdur:2 q:46.14 aq:48.00 tex:0 mv:0 misc:400 imb:0 pmb:0 smb:8160 d:- ref:0 ;
